  UiKeyboardImpl.cpp
  UiInputImpl.cpp
  SdSoundImpl.cpp
  SdSoundCaptureImpl.cpp
  SgSkinImpl.cpp
SceneGraph\SgSkinImpl.cpp(4): fatal error C1083: Cannot open include file: 'RsPlatform.h': No such file or directory
  SgNodeImpl.cpp
C:\github\game-framework-private\GameFramework\Impl\RenderSystem\RsTextureImpl.h(13): fatal error C1083: Cannot open include file: 'RsPlatform.h': No such file or directory
  SgMeshImpl.cpp
SceneGraph\SgMeshImpl.cpp(5): fatal error C1083: Cannot open include file: 'RsPlatform.h': No such file or directory
  SgMaterialsImpl.cpp
c:\github\game-framework-private\gameframework\impl\rendersystem\RsTextureImpl.h(13): fatal error C1083: Cannot open include file: 'RsPlatform.h': No such file or directory
  SgCollisionImpl.cpp
  SgBoneImpl.cpp
  SgAnimatorImpl.cpp
  RsVertexBufferImpl.cpp
RenderSystem\RsVertexBufferImpl.cpp(4): fatal error C1083: Cannot open include file: 'RsPlatform.h': No such file or directory
  RsTextureImpl.cpp
c:\github\game-framework-private\gameframework\impl\rendersystem\RsTextureImpl.h(13): fatal error C1083: Cannot open include file: 'RsPlatform.h': No such file or directory
  RsSpriteImpl.cpp
c:\github\game-framework-private\gameframework\impl\rendersystem\RsTextureImpl.h(13): fatal error C1083: Cannot open include file: 'RsPlatform.h': No such file or directory
  RsShaderImpl.cpp
RenderSystem\RsShaderImpl.cpp(5): fatal error C1083: Cannot open include file: 'RsPlatform.h': No such file or directory
  RsSceneImpl.cpp
  RsRenderTargetImpl.cpp
RenderSystem\RsRenderTargetImpl.cpp(4): fatal error C1083: Cannot open include file: 'RsPlatform.h': No such file or directory
  RsMaterialImpl.cpp
RenderSystem\RsMaterialImpl.cpp(4): fatal error C1083: Cannot open include file: 'RsPlatform.h': No such file or directory
  RsManagerImpl.cpp
RenderSystem\RsManagerImpl.cpp(5): fatal error C1083: Cannot open include file: 'RsPlatform.h': No such file or directory
  RsIndexBufferImpl.cpp
RenderSystem\RsIndexBufferImpl.cpp(4): fatal error C1083: Cannot open include file: 'RsPlatform.h': No such file or directory
  Generating Code...
  Compiling...
  RsFontImpl.cpp
c:\github\game-framework-private\gameframework\impl\rendersystem\RsTextureImpl.h(13): fatal error C1083: Cannot open include file: 'RsPlatform.h': No such file or directory
  RsFlashImpl.cpp
c:\github\game-framework-private\gameframework\impl\rendersystem\RsTextureImpl.h(13): fatal error C1083: Cannot open include file: 'RsPlatform.h': No such file or directory
  RsColourImpl.cpp
  RsCapsImpl.cpp
  BaArchiveImpl.cpp
C:\github\game-framework-private\GameFramework\Impl\RenderSystem\RsTextureImpl.h(13): fatal error C1083: Cannot open include file: 'RsPlatform.h': No such file or directory
  Generating Code...
