+CorConvertImage
  Doing the conversion...
  +DirectConversion()
    PF_R8G8B8A8
    PF_R8G8B8
  -DirectConversion()
-CorConvertImage
+CorConvertImage
  Doing the conversion...
  +DirectConversion()
    PF_R8G8B8A8
    PF_R8G8B8
  -DirectConversion()
-CorConvertImage
+CorConvertImage
  Doing the conversion...
  +ExpandPalette()
  -ExpandPalette()
  +DirectConversion()
    PF_R8G8B8A8
    PF_B8G8R8
  -DirectConversion()
-CorConvertImage
+CorConvertImage
  Doing the conversion...
  +DirectConversion()
    PF_R8G8B8A8
    PF_R8G8B8
  -DirectConversion()
-CorConvertImage
+CorConvertImage
-CorConvertImage
+CorConvertImage
  Doing the conversion...
  +DirectConversion()
    PF_R8G8B8A8
    PF_R8G8B8
  -DirectConversion()
-CorConvertImage
+CorConvertImage
  Doing the conversion...
  +ExpandPalette()
  -ExpandPalette()
  +DirectConversion()
    PF_R8G8B8A8
    PF_B8G8R8
  -DirectConversion()
-CorConvertImage
+CorConvertImage
  Doing the conversion...
  +DirectConversion()
    PF_R8G8B8A8
    PF_R8G8B8
  -DirectConversion()
-CorConvertImage
+CorConvertImage
  Doing the conversion...
  +ExpandPalette()
  -ExpandPalette()
  +DirectConversion()
    PF_R8G8B8A8
    PF_B8G8R8
  -DirectConversion()
-CorConvertImage
+CorConvertImage
-CorConvertImage
+CorConvertImage
-CorConvertImage
+CorConvertImage
  Doing the conversion...
  +DirectConversion()
    PF_R8G8B8A8
    PF_R8G8B8
  -DirectConversion()
-CorConvertImage
+CorFlipImage
  Doing the flip...
-CorFlipImage
+CorConvertImage
-CorConvertImage
+CorConvertImage
-CorConvertImage
+CorConvertImage
-CorConvertImage
+CorConvertImage
-CorConvertImage
+CorConvertImage
-CorConvertImage
+CorConvertImage
  Doing the conversion...
  +ExpandPalette()
  -ExpandPalette()
  +DirectConversion()
    PF_R8G8B8A8
    PF_B8G8R8
  -DirectConversion()
-CorConvertImage
+CorConvertImage
-CorConvertImage
+CorConvertImage
-CorConvertImage
+CorConvertImage
-CorConvertImage
