cl : Command line warning D9025: overriding '/sdl' with '/GS-'
  adler32.c
  compress.c
  crc32.c
  deflate.c
  gzio.c
..\gzio.c(110): warning C4013: 'malloc' undefined; assuming extern returning int
..\gzio.c(183): warning C4996: 'fopen': This function or variable may be unsafe. Consider using fopen_s instead. To disable deprecation, use _CRT_SECURE_NO_WARNINGS. See online help for details.
  C:\Program Files (x86)\Windows Kits\10\Include\10.0.10240.0\ucrt\stdio.h(205): note: see declaration of 'fopen'
..\gzio.c(228): warning C4996: 'sprintf': This function or variable may be unsafe. Consider using sprintf_s instead. To disable deprecation, use _CRT_SECURE_NO_WARNINGS. See online help for details.
  C:\Program Files (x86)\Windows Kits\10\Include\10.0.10240.0\ucrt\stdio.h(1769): note: see declaration of 'sprintf'
..\gzio.c(364): warning C4013: 'free' undefined; assuming extern returning int
..\gzio.c(620): warning C4996: 'vsprintf': This function or variable may be unsafe. Consider using vsprintf_s instead. To disable deprecation, use _CRT_SECURE_NO_WARNINGS. See online help for details.
  C:\Program Files (x86)\Windows Kits\10\Include\10.0.10240.0\ucrt\stdio.h(1465): note: see declaration of 'vsprintf'
..\gzio.c(1003): warning C4013: 'strerror' undefined; assuming extern returning int
..\gzio.c(1003): warning C4047: ':': 'int' differs in levels of indirection from 'char *'
  infback.c
  inffast.c
  inflate.c
  inftrees.c
  trees.c
  uncompr.c
  zutil.c
  Zlib.vcxproj -> C:\github\Game-Framework\GameFramework_Packer\Packer_Win32\Release\Zlib.lib
