Uncompressing ..\murmuration\release\game.winglz from 23905856
Uncompressing ..\murmuration\release\game.winglz from 11950427
Compiling vertex shader 0
Compiling vertex shader 2
Compiling vertex shader 4
Compiling vertex shader 6
Compiling vertex shader 8
Compiling vertex shader 10
Compiling vertex shader 12
Uncompressing ..\murmuration\release\utility.winglz from 3544868
Uncompressing ..\murmuration\release\hmd.winglz from 2976
Uncompressing ..\murmuration\release\game.winglz from 11950427
Compiling vertex shader 0
Compiling vertex shader 2
Compiling vertex shader 4
Compiling vertex shader 6
Compiling vertex shader 8
Compiling vertex shader 10
Compiling vertex shader 12
Uncompressing ..\murmuration\release\utility.winglz from 3544868
Uncompressing ..\murmuration\release\hmd.winglz from 2976
Uncompressing ..\murmuration\release\game.winglz from 11950427
Compiling vertex shader 0
Compiling vertex shader 2
Compiling vertex shader 4
Compiling vertex shader 6
Compiling vertex shader 8
Compiling vertex shader 10
Compiling vertex shader 12
Uncompressing ..\murmuration\release\utility.winglz from 3544868
Uncompressing ..\murmuration\release\game.winglz from 11950427
Compiling vertex shader 0
Compiling vertex shader 2
Compiling vertex shader 4
Compiling vertex shader 6
Compiling vertex shader 8
Compiling vertex shader 10
Compiling vertex shader 12
Uncompressing ..\murmuration\release\utility.winglz from 3544868
Could not open debug.txt
Uncompressing ..\murmuration\release\game.winglz from 11950427
Compiling vertex shader 0
Compiling vertex shader 2
Compiling vertex shader 4
Compiling vertex shader 6
Compiling vertex shader 8
Compiling vertex shader 10
Compiling vertex shader 12
Uncompressing ..\murmuration\release\utility.winglz from 3544868
Could not open debug.txt
Uncompressing ..\murmuration\release\game.winglz from 11950427
Compiling vertex shader 0
Compiling vertex shader 2
Compiling vertex shader 4
Compiling vertex shader 6
Compiling vertex shader 8
Compiling vertex shader 10
Compiling vertex shader 12
Uncompressing ..\murmuration\release\utility.winglz from 3544868
Could not open debug.txt
Uncompressing ..\murmuration\release\game.winglz from 11950427
Compiling vertex shader 0
Compiling vertex shader 2
Compiling vertex shader 4
Compiling vertex shader 6
Compiling vertex shader 8
Compiling vertex shader 10
Compiling vertex shader 12
Uncompressing ..\murmuration\release\utility.winglz from 3544868
Could not open debug.txt
Uncompressing ..\murmuration\release\game.winglz from 11950427
Compiling vertex shader 0
Compiling vertex shader 2
Compiling vertex shader 4
Compiling vertex shader 6
Compiling vertex shader 8
Compiling vertex shader 10
Compiling vertex shader 12
Uncompressing ..\murmuration\release\utility.winglz from 3544868
Could not open debug.txt
