  kdtree_wrapper.cpp
  MuMurmuration.cpp
MuMurmuration.cpp(39): warning C4244: 'initializing': conversion from 'float' to 'BtU32', possible loss of data
MuMurmuration.cpp(127): warning C4244: 'argument': conversion from 'float' to 'BtS32', possible loss of data
MuMurmuration.cpp(127): warning C4244: '=': conversion from 'BtS32' to 'BtFloat', possible loss of data
MuMurmuration.cpp(183): warning C4018: '<': signed/unsigned mismatch
MuMurmuration.cpp(151): warning C4996: 'sprintf': This function or variable may be unsafe. Consider using sprintf_s instead. To disable deprecation, use _CRT_SECURE_NO_WARNINGS. See online help for details.
  C:\Program Files (x86)\Windows Kits\10\Include\10.0.10240.0\ucrt\stdio.h(1769): note: see declaration of 'sprintf'
MuMurmuration.cpp(161): warning C4996: 'sprintf': This function or variable may be unsafe. Consider using sprintf_s instead. To disable deprecation, use _CRT_SECURE_NO_WARNINGS. See online help for details.
  C:\Program Files (x86)\Windows Kits\10\Include\10.0.10240.0\ucrt\stdio.h(1769): note: see declaration of 'sprintf'
MuMurmuration.cpp(176): warning C4996: 'sprintf': This function or variable may be unsafe. Consider using sprintf_s instead. To disable deprecation, use _CRT_SECURE_NO_WARNINGS. See online help for details.
  C:\Program Files (x86)\Windows Kits\10\Include\10.0.10240.0\ucrt\stdio.h(1769): note: see declaration of 'sprintf'
MuMurmuration.cpp(215): warning C4018: '<': signed/unsigned mismatch
MuMurmuration.cpp(258): warning C4018: '<': signed/unsigned mismatch
MuMurmuration.cpp(307): warning C4018: '<': signed/unsigned mismatch
MuMurmuration.cpp(333): warning C4018: '<': signed/unsigned mismatch
MuMurmuration.cpp(397): warning C4018: '<': signed/unsigned mismatch
MuMurmuration.cpp(404): warning C4244: 'argument': conversion from 'float' to 'BtS32', possible loss of data
MuMurmuration.cpp(404): warning C4244: '=': conversion from 'BtS32' to 'BtFloat', possible loss of data
MuMurmuration.cpp(473): warning C4018: '<': signed/unsigned mismatch
MuMurmuration.cpp(236): warning C4996: 'sprintf': This function or variable may be unsafe. Consider using sprintf_s instead. To disable deprecation, use _CRT_SECURE_NO_WARNINGS. See online help for details.
  C:\Program Files (x86)\Windows Kits\10\Include\10.0.10240.0\ucrt\stdio.h(1769): note: see declaration of 'sprintf'
MuMurmuration.cpp(243): warning C4996: 'sprintf': This function or variable may be unsafe. Consider using sprintf_s instead. To disable deprecation, use _CRT_SECURE_NO_WARNINGS. See online help for details.
  C:\Program Files (x86)\Windows Kits\10\Include\10.0.10240.0\ucrt\stdio.h(1769): note: see declaration of 'sprintf'
MuMurmuration.cpp(254): warning C4996: 'sprintf': This function or variable may be unsafe. Consider using sprintf_s instead. To disable deprecation, use _CRT_SECURE_NO_WARNINGS. See online help for details.
  C:\Program Files (x86)\Windows Kits\10\Include\10.0.10240.0\ucrt\stdio.h(1769): note: see declaration of 'sprintf'
  SbCamera.cpp
SbCamera.cpp(100): warning C4996: 'sprintf': This function or variable may be unsafe. Consider using sprintf_s instead. To disable deprecation, use _CRT_SECURE_NO_WARNINGS. See online help for details.
  C:\Program Files (x86)\Windows Kits\10\Include\10.0.10240.0\ucrt\stdio.h(1769): note: see declaration of 'sprintf'
SbCamera.cpp(208): warning C4996: 'sprintf': This function or variable may be unsafe. Consider using sprintf_s instead. To disable deprecation, use _CRT_SECURE_NO_WARNINGS. See online help for details.
  C:\Program Files (x86)\Windows Kits\10\Include\10.0.10240.0\ucrt\stdio.h(1769): note: see declaration of 'sprintf'
  SbFrustum.cpp
  SbMain.cpp
SbMain.cpp(86): warning C4996: 'strcpy': This function or variable may be unsafe. Consider using strcpy_s instead. To disable deprecation, use _CRT_SECURE_NO_WARNINGS. See online help for details.
  C:\Program Files (x86)\Windows Kits\10\Include\10.0.10240.0\ucrt\string.h(119): note: see declaration of 'strcpy'
  SbModel.cpp
  SbRenderSkybox.cpp
  Murmuration.vcxproj -> C:\github\DOGE-Game-Engine\3D-Demos\Murmurations\MurmurationGL\Release\Murmuration.lib
