c:\github\game-framework-private\gameframework_tutorials\3dscene\3dscenegl\debug\shared\shared.pdb
c:\github\game-framework-private\gameframework_tutorials\3dscene\3dscenegl\debug\shared\shared.idb
c:\github\game-framework-private\gameframework_tutorials\3dscene\3dscenegl\debug\shared\shachievement.obj
c:\github\game-framework-private\gameframework_tutorials\3dscene\3dscenegl\debug\shared\shcamera.obj
c:\github\game-framework-private\gameframework_tutorials\3dscene\3dscenegl\debug\shared\shhmd.obj
c:\github\game-framework-private\gameframework_tutorials\3dscene\3dscenegl\debug\shared\shimu.obj
c:\github\game-framework-private\gameframework_tutorials\3dscene\3dscenegl\debug\shared\shjoystick.obj
c:\github\game-framework-private\gameframework_tutorials\3dscene\3dscenegl\debug\shared\shkeyboard.obj
c:\github\game-framework-private\gameframework_tutorials\3dscene\3dscenegl\debug\shared\shmail.obj
c:\github\game-framework-private\gameframework_tutorials\3dscene\3dscenegl\debug\shared\shnetwork.obj
c:\github\game-framework-private\gameframework_tutorials\3dscene\3dscenegl\debug\shared\shrecorder.obj
c:\github\game-framework-private\gameframework_tutorials\3dscene\3dscenegl\debug\shared\shtouch.obj
c:\github\game-framework-private\gameframework_tutorials\3dscene\3dscenegl\debug\shared\shvibration.obj
c:\github\game-framework-private\gameframework_tutorials\3dscene\3dscenegl\debug\shared\shared.lib
c:\github\game-framework-private\gameframework_tutorials\3dscene\3dscenegl\debug\shared\shared.tlog\cl.command.1.tlog
c:\github\game-framework-private\gameframework_tutorials\3dscene\3dscenegl\debug\shared\shared.tlog\cl.read.1.tlog
c:\github\game-framework-private\gameframework_tutorials\3dscene\3dscenegl\debug\shared\shared.tlog\cl.write.1.tlog
c:\github\game-framework-private\gameframework_tutorials\3dscene\3dscenegl\debug\shared\shared.tlog\lib-link.read.1.tlog
c:\github\game-framework-private\gameframework_tutorials\3dscene\3dscenegl\debug\shared\shared.tlog\lib-link.write.1.tlog
c:\github\game-framework-private\gameframework_tutorials\3dscene\3dscenegl\debug\shared\shared.tlog\lib.command.1.tlog
