c:\github\game-framework-private\gameframework_thirdparty\zlib\zlib\debug\zlib.pdb
c:\github\game-framework-private\gameframework_thirdparty\zlib\zlib\debug\zlib.idb
c:\github\game-framework-private\gameframework_thirdparty\zlib\zlib\debug\adler32.obj
c:\github\game-framework-private\gameframework_thirdparty\zlib\zlib\debug\compress.obj
c:\github\game-framework-private\gameframework_thirdparty\zlib\zlib\debug\crc32.obj
c:\github\game-framework-private\gameframework_thirdparty\zlib\zlib\debug\deflate.obj
c:\github\game-framework-private\gameframework_thirdparty\zlib\zlib\debug\gzio.obj
c:\github\game-framework-private\gameframework_thirdparty\zlib\zlib\debug\infback.obj
c:\github\game-framework-private\gameframework_thirdparty\zlib\zlib\debug\inffast.obj
c:\github\game-framework-private\gameframework_thirdparty\zlib\zlib\debug\inflate.obj
c:\github\game-framework-private\gameframework_thirdparty\zlib\zlib\debug\inftrees.obj
c:\github\game-framework-private\gameframework_thirdparty\zlib\zlib\debug\trees.obj
c:\github\game-framework-private\gameframework_thirdparty\zlib\zlib\debug\uncompr.obj
c:\github\game-framework-private\gameframework_thirdparty\zlib\zlib\debug\zutil.obj
c:\github\game-framework-private\gameframework_tutorials\3dscene\3dscenegl\debug\zlib.lib
c:\github\game-framework-private\gameframework_tutorials\3dscene\3dscenegl\debug\zlib.pdb
c:\github\game-framework-private\gameframework_thirdparty\zlib\zlib\debug\zlib.tlog\cl.command.1.tlog
c:\github\game-framework-private\gameframework_thirdparty\zlib\zlib\debug\zlib.tlog\cl.read.1.tlog
c:\github\game-framework-private\gameframework_thirdparty\zlib\zlib\debug\zlib.tlog\cl.write.1.tlog
c:\github\game-framework-private\gameframework_thirdparty\zlib\zlib\debug\zlib.tlog\lib-link.read.1.tlog
c:\github\game-framework-private\gameframework_thirdparty\zlib\zlib\debug\zlib.tlog\lib-link.write.1.tlog
c:\github\game-framework-private\gameframework_thirdparty\zlib\zlib\debug\zlib.tlog\lib.command.1.tlog
