C:\Program Files (x86)\MSBuild\Microsoft.Cpp\v4.0\V140\Microsoft.CppBuild.targets(936,5): warning MSB8027: Two or more files with the name of Ui360.cpp will produce outputs to the same location. This can lead to an incorrect build result.  The files involved are ..\StruffyLite\UserInterface\Ui360.cpp, UserInterface\Ui360.cpp.
  BtThread.cpp
..\ImplWin\BtThread.cpp(7): fatal error C1083: Cannot open include file: 'BtThread.h': No such file or directory
  BtTime.cpp
..\ImplWin\BtTime.cpp(4): fatal error C1083: Cannot open include file: 'BtTime.h': No such file or directory
  Ui360Impl.cpp
c:\github\game-framework-private\gameframework\implwin\Ui360Impl.h(7): fatal error C1083: Cannot open include file: 'Ui360.h': No such file or directory
  ApConfig.cpp
c1xx : fatal error C1083: Cannot open source file: '..\StruffyLite\Application\ApConfig.cpp': No such file or directory
  BtCRC.cpp
c1xx : fatal error C1083: Cannot open source file: '..\StruffyLite\Base\BtCRC.cpp': No such file or directory
  BtPrint.cpp
c1xx : fatal error C1083: Cannot open source file: '..\StruffyLite\Base\BtPrint.cpp': No such file or directory
  LBtCompressedFile.cpp
c1xx : fatal error C1083: Cannot open source file: '..\StruffyLite\Base\LBtCompressedFile.cpp': No such file or directory
  LBtMemory.cpp
c1xx : fatal error C1083: Cannot open source file: '..\StruffyLite\Base\LBtMemory.cpp': No such file or directory
  LBtString.cpp
c1xx : fatal error C1083: Cannot open source file: '..\StruffyLite\Base\LBtString.cpp': No such file or directory
  BaArchive.cpp
c1xx : fatal error C1083: Cannot open source file: '..\StruffyLite\BinaryArchive\BaArchive.cpp': No such file or directory
  BaResource.cpp
c1xx : fatal error C1083: Cannot open source file: '..\StruffyLite\BinaryArchive\BaResource.cpp': No such file or directory
  LBaUserData.cpp
c1xx : fatal error C1083: Cannot open source file: '..\StruffyLite\BinaryArchive\LBaUserData.cpp': No such file or directory
  ErrorLog.cpp
c1xx : fatal error C1083: Cannot open source file: '..\StruffyLite\ErrorLog\ErrorLog.cpp': No such file or directory
  FsFile.cpp
c1xx : fatal error C1083: Cannot open source file: '..\StruffyLite\FileSystem\FsFile.cpp': No such file or directory
  MtAABB.cpp
c1xx : fatal error C1083: Cannot open source file: '..\StruffyLite\Maths\MtAABB.cpp': No such file or directory
  MtLine.cpp
c1xx : fatal error C1083: Cannot open source file: '..\StruffyLite\Maths\MtLine.cpp': No such file or directory
  MtMath.cpp
c1xx : fatal error C1083: Cannot open source file: '..\StruffyLite\Maths\MtMath.cpp': No such file or directory
  MtMatrix3.cpp
c1xx : fatal error C1083: Cannot open source file: '..\StruffyLite\Maths\MtMatrix3.cpp': No such file or directory
  MtMatrix4.cpp
c1xx : fatal error C1083: Cannot open source file: '..\StruffyLite\Maths\MtMatrix4.cpp': No such file or directory
  MtPlane.cpp
c1xx : fatal error C1083: Cannot open source file: '..\StruffyLite\Maths\MtPlane.cpp': No such file or directory
  Compiling...
  MtPoint.cpp
c1xx : fatal error C1083: Cannot open source file: '..\StruffyLite\Maths\MtPoint.cpp': No such file or directory
  MtQuad.cpp
c1xx : fatal error C1083: Cannot open source file: '..\StruffyLite\Maths\MtQuad.cpp': No such file or directory
  MtQuaternion.cpp
c1xx : fatal error C1083: Cannot open source file: '..\StruffyLite\Maths\MtQuaternion.cpp': No such file or directory
  MtRay.cpp
c1xx : fatal error C1083: Cannot open source file: '..\StruffyLite\Maths\MtRay.cpp': No such file or directory
  MtSphere.cpp
c1xx : fatal error C1083: Cannot open source file: '..\StruffyLite\Maths\MtSphere.cpp': No such file or directory
  MtTriangle.cpp
c1xx : fatal error C1083: Cannot open source file: '..\StruffyLite\Maths\MtTriangle.cpp': No such file or directory
  MtVector2.cpp
c1xx : fatal error C1083: Cannot open source file: '..\StruffyLite\Maths\MtVector2.cpp': No such file or directory
  MtVector3.cpp
c1xx : fatal error C1083: Cannot open source file: '..\StruffyLite\Maths\MtVector3.cpp': No such file or directory
  MtVector4.cpp
c1xx : fatal error C1083: Cannot open source file: '..\StruffyLite\Maths\MtVector4.cpp': No such file or directory
  LRdRandom.cpp
c1xx : fatal error C1083: Cannot open source file: '..\StruffyLite\RandomNumbers\LRdRandom.cpp': No such file or directory
  RsCamera.cpp
c1xx : fatal error C1083: Cannot open source file: '..\StruffyLite\RenderSystem\RsCamera.cpp': No such file or directory
  RsColour.cpp
c1xx : fatal error C1083: Cannot open source file: '..\StruffyLite\RenderSystem\RsColour.cpp': No such file or directory
  RsFrustum.cpp
c1xx : fatal error C1083: Cannot open source file: '..\StruffyLite\RenderSystem\RsFrustum.cpp': No such file or directory
  RsImpl.cpp
c1xx : fatal error C1083: Cannot open source file: '..\StruffyLite\RenderSystem\RsImpl.cpp': No such file or directory
  RsIndexBuffer.cpp
c1xx : fatal error C1083: Cannot open source file: '..\StruffyLite\RenderSystem\RsIndexBuffer.cpp': No such file or directory
  RsRenderTarget.cpp
c1xx : fatal error C1083: Cannot open source file: '..\StruffyLite\RenderSystem\RsRenderTarget.cpp': No such file or directory
  RsResourceManager.cpp
c1xx : fatal error C1083: Cannot open source file: '..\StruffyLite\RenderSystem\RsResourceManager.cpp': No such file or directory
  RsShader.cpp
c1xx : fatal error C1083: Cannot open source file: '..\StruffyLite\RenderSystem\RsShader.cpp': No such file or directory
  RsUtil.cpp
c1xx : fatal error C1083: Cannot open source file: '..\StruffyLite\RenderSystem\RsUtil.cpp': No such file or directory
  SgBlendShapeImpl.cpp
c1xx : fatal error C1083: Cannot open source file: '..\StruffyLite\SceneGraph\SgBlendShapeImpl.cpp': No such file or directory
  Compiling...
  SgLightImpl.cpp
c1xx : fatal error C1083: Cannot open source file: '..\StruffyLite\SceneGraph\SgLightImpl.cpp': No such file or directory
  SgRigidBodyImpl.cpp
c1xx : fatal error C1083: Cannot open source file: '..\StruffyLite\SceneGraph\SgRigidBodyImpl.cpp': No such file or directory
  Ui360.cpp
c1xx : fatal error C1083: Cannot open source file: '..\StruffyLite\UserInterface\Ui360.cpp': No such file or directory
  UiKeyboard.cpp
c1xx : fatal error C1083: Cannot open source file: '..\StruffyLite\UserInterface\UiKeyboard.cpp': No such file or directory
  BaArchiveImpl.cpp
BinaryArchive\BaArchiveImpl.cpp(6): fatal error C1083: Cannot open include file: 'BtString.h': No such file or directory
  RsCapsImpl.cpp
c:\github\game-framework-private\gameframework\impl\rendersystem\RsCapsImpl.h(7): fatal error C1083: Cannot open include file: 'BtArray.h': No such file or directory
  RsColourImpl.cpp
RenderSystem\RsColourImpl.cpp(5): fatal error C1083: Cannot open include file: 'RsColour.h': No such file or directory
  RsFlashImpl.cpp
RenderSystem\RsFlashImpl.cpp(5): fatal error C1083: Cannot open include file: 'RsUtil.h': No such file or directory
  RsFontImpl.cpp
RenderSystem\RsFontImpl.cpp(5): fatal error C1083: Cannot open include file: 'RsUtil.h': No such file or directory
  RsIndexBufferImpl.cpp
RenderSystem\RsIndexBufferImpl.cpp(5): fatal error C1083: Cannot open include file: 'BaFileData.h': No such file or directory
  RsManagerImpl.cpp
RenderSystem\RsManagerImpl.cpp(6): fatal error C1083: Cannot open include file: 'ApConfig.h': No such file or directory
  RsMaterialImpl.cpp
RenderSystem\RsMaterialImpl.cpp(4): fatal error C1083: Cannot open include file: 'BtBase.h': No such file or directory
  RsRenderTargetImpl.cpp
c:\github\game-framework-private\gameframework\impl\rendersystem\RsRenderTargetImpl.h(5): fatal error C1083: Cannot open include file: 'BtArray.h': No such file or directory
  RsSceneImpl.cpp
RenderSystem\RsSceneImpl.cpp(4): fatal error C1083: Cannot open include file: 'ErrorLog.h': No such file or directory
  RsShaderImpl.cpp
RenderSystem\RsShaderImpl.cpp(6): fatal error C1083: Cannot open include file: 'BaArchive.h': No such file or directory
  RsSpriteImpl.cpp
c:\github\game-framework-private\gameframework\impl\rendersystem\RsManagerImpl.h(5): fatal error C1083: Cannot open include file: 'BtTypes.h': No such file or directory
  RsTextureImpl.cpp
c:\github\game-framework-private\gameframework\impl\rendersystem\RsTextureImpl.h(7): fatal error C1083: Cannot open include file: 'BaResource.h': No such file or directory
  RsVertexBufferImpl.cpp
RenderSystem\RsVertexBufferImpl.cpp(5): fatal error C1083: Cannot open include file: 'BtBase.h': No such file or directory
  SgAnimatorImpl.cpp
SceneGraph\SgAnimatorImpl.cpp(6): fatal error C1083: Cannot open include file: 'BtTypes.h': No such file or directory
  SgBoneImpl.cpp
c:\github\game-framework-private\gameframework\impl\scenegraph\SgBoneImpl.h(6): fatal error C1083: Cannot open include file: 'SgBone.h': No such file or directory
  Compiling...
  SgCollisionImpl.cpp
SceneGraph\SgCollisionImpl.cpp(4): fatal error C1083: Cannot open include file: 'BtBase.h': No such file or directory
  SgMaterialsImpl.cpp
c:\github\game-framework-private\gameframework\impl\scenegraph\SgNodeImpl.h(6): fatal error C1083: Cannot open include file: 'SgNode.h': No such file or directory
  SgMeshImpl.cpp
SceneGraph\SgMeshImpl.cpp(6): fatal error C1083: Cannot open include file: 'BtMemory.h': No such file or directory
  SgNodeImpl.cpp
SceneGraph\SgNodeImpl.cpp(4): fatal error C1083: Cannot open include file: 'BtMemory.h': No such file or directory
  SgSkinImpl.cpp
SceneGraph\SgSkinImpl.cpp(5): fatal error C1083: Cannot open include file: 'BtMemory.h': No such file or directory
  SdSoundCaptureImpl.cpp
c:\github\game-framework-private\gameframework\impl\sound\SdSoundCaptureImpl.h(9): fatal error C1083: Cannot open include file: 'BtArray.h': No such file or directory
  SdSoundImpl.cpp
c:\github\game-framework-private\gameframework\impl\sound\SdSoundImpl.h(7): fatal error C1083: Cannot open include file: 'BtArray.h': No such file or directory
  Ui360.cpp
UserInterface\Ui360.cpp(4): fatal error C1083: Cannot open include file: 'Ui360.h': No such file or directory
  UiInputImpl.cpp
UserInterface\UiInputImpl.cpp(6): fatal error C1083: Cannot open include file: 'BtTypes.h': No such file or directory
  UiKeyboardImpl.cpp
UserInterface\UiKeyboardImpl.cpp(4): fatal error C1083: Cannot open include file: 'BtBase.h': No such file or directory
