c:\github\game-framework-private\gameframework_tutorials\3dscene\3dscenegl\debug\helper\helper.pdb
c:\github\game-framework-private\gameframework_tutorials\3dscene\3dscenegl\debug\helper\hlview.obj
c:\github\game-framework-private\gameframework_tutorials\3dscene\3dscenegl\debug\helper\hluserdata.obj
c:\github\game-framework-private\gameframework_tutorials\3dscene\3dscenegl\debug\helper\hltruetype.obj
c:\github\game-framework-private\gameframework_tutorials\3dscene\3dscenegl\debug\helper\hltimer.obj
c:\github\game-framework-private\gameframework_tutorials\3dscene\3dscenegl\debug\helper\hlscreensize.obj
c:\github\game-framework-private\gameframework_tutorials\3dscene\3dscenegl\debug\helper\hlmouse.obj
c:\github\game-framework-private\gameframework_tutorials\3dscene\3dscenegl\debug\helper\hlmodel.obj
c:\github\game-framework-private\gameframework_tutorials\3dscene\3dscenegl\debug\helper\hlmaterial.obj
c:\github\game-framework-private\gameframework_tutorials\3dscene\3dscenegl\debug\helper\hlkeyboard.obj
c:\github\game-framework-private\gameframework_tutorials\3dscene\3dscenegl\debug\helper\hljoysticks.obj
c:\github\game-framework-private\gameframework_tutorials\3dscene\3dscenegl\debug\helper\hlgesture.obj
c:\github\game-framework-private\gameframework_tutorials\3dscene\3dscenegl\debug\helper\hlfont.obj
c:\github\game-framework-private\gameframework_tutorials\3dscene\3dscenegl\debug\helper\hlevents.obj
c:\github\game-framework-private\gameframework_tutorials\3dscene\3dscenegl\debug\helper\hldraw.obj
c:\github\game-framework-private\gameframework_tutorials\3dscene\3dscenegl\debug\helper\hldebug.obj
c:\github\game-framework-private\gameframework_tutorials\3dscene\3dscenegl\debug\helper\hlarchive.obj
c:\github\game-framework-private\gameframework_tutorials\3dscene\3dscenegl\debug\helper\hlanimation.obj
c:\github\game-framework-private\gameframework_tutorials\3dscene\3dscenegl\debug\helper\helper.lib
c:\github\game-framework-private\gameframework_tutorials\3dscene\3dscenegl\debug\helper\helper.tlog\cl.command.1.tlog
c:\github\game-framework-private\gameframework_tutorials\3dscene\3dscenegl\debug\helper\helper.tlog\cl.read.1.tlog
c:\github\game-framework-private\gameframework_tutorials\3dscene\3dscenegl\debug\helper\helper.tlog\cl.write.1.tlog
c:\github\game-framework-private\gameframework_tutorials\3dscene\3dscenegl\debug\helper\helper.tlog\lib-link.read.1.tlog
c:\github\game-framework-private\gameframework_tutorials\3dscene\3dscenegl\debug\helper\helper.tlog\lib-link.write.1.tlog
c:\github\game-framework-private\gameframework_tutorials\3dscene\3dscenegl\debug\helper\helper.tlog\lib.command.1.tlog
