c:\github\game-framework-private\gameframework_tutorials\3dscene\3dscenegl\debug\struffylite\struffylite.pdb
c:\github\game-framework-private\gameframework_tutorials\3dscene\3dscenegl\debug\struffylite\struffylite.idb
c:\github\game-framework-private\gameframework_tutorials\3dscene\3dscenegl\debug\struffylite\lbtstring.obj
c:\github\game-framework-private\gameframework_tutorials\3dscene\3dscenegl\debug\struffylite\lbttime.obj
c:\github\game-framework-private\gameframework_tutorials\3dscene\3dscenegl\debug\struffylite\lbauserdata.obj
c:\github\game-framework-private\gameframework_tutorials\3dscene\3dscenegl\debug\struffylite\lrdrandom.obj
c:\github\game-framework-private\gameframework_tutorials\3dscene\3dscenegl\debug\struffylite\rscamera.obj
c:\github\game-framework-private\gameframework_tutorials\3dscene\3dscenegl\debug\struffylite\rscolour.obj
c:\github\game-framework-private\gameframework_tutorials\3dscene\3dscenegl\debug\struffylite\rsfrustum.obj
c:\github\game-framework-private\gameframework_tutorials\3dscene\3dscenegl\debug\struffylite\rsimpl.obj
c:\github\game-framework-private\gameframework_tutorials\3dscene\3dscenegl\debug\struffylite\rsindexbuffer.obj
c:\github\game-framework-private\gameframework_tutorials\3dscene\3dscenegl\debug\struffylite\rsrendertarget.obj
c:\github\game-framework-private\gameframework_tutorials\3dscene\3dscenegl\debug\struffylite\rsresourcemanager.obj
c:\github\game-framework-private\gameframework_tutorials\3dscene\3dscenegl\debug\struffylite\rsshader.obj
c:\github\game-framework-private\gameframework_tutorials\3dscene\3dscenegl\debug\struffylite\rsutil.obj
c:\github\game-framework-private\gameframework_tutorials\3dscene\3dscenegl\debug\struffylite\sgblendshapeimpl.obj
c:\github\game-framework-private\gameframework_tutorials\3dscene\3dscenegl\debug\struffylite\sglightimpl.obj
c:\github\game-framework-private\gameframework_tutorials\3dscene\3dscenegl\debug\struffylite\sgrigidbodyimpl.obj
c:\github\game-framework-private\gameframework_tutorials\3dscene\3dscenegl\debug\struffylite\errorlog.obj
c:\github\game-framework-private\gameframework_tutorials\3dscene\3dscenegl\debug\struffylite\ui360.obj
c:\github\game-framework-private\gameframework_tutorials\3dscene\3dscenegl\debug\struffylite\uikeyboard.obj
c:\github\game-framework-private\gameframework_tutorials\3dscene\3dscenegl\debug\struffylite\fsfile.obj
c:\github\game-framework-private\gameframework_tutorials\3dscene\3dscenegl\debug\struffylite\mtline.obj
c:\github\game-framework-private\gameframework_tutorials\3dscene\3dscenegl\debug\struffylite\mtmath.obj
c:\github\game-framework-private\gameframework_tutorials\3dscene\3dscenegl\debug\struffylite\mtmatrix3.obj
c:\github\game-framework-private\gameframework_tutorials\3dscene\3dscenegl\debug\struffylite\mtmatrix4.obj
c:\github\game-framework-private\gameframework_tutorials\3dscene\3dscenegl\debug\struffylite\mtplane.obj
c:\github\game-framework-private\gameframework_tutorials\3dscene\3dscenegl\debug\struffylite\mtpoint.obj
c:\github\game-framework-private\gameframework_tutorials\3dscene\3dscenegl\debug\struffylite\mtquad.obj
c:\github\game-framework-private\gameframework_tutorials\3dscene\3dscenegl\debug\struffylite\mtquaternion.obj
c:\github\game-framework-private\gameframework_tutorials\3dscene\3dscenegl\debug\struffylite\mtray.obj
c:\github\game-framework-private\gameframework_tutorials\3dscene\3dscenegl\debug\struffylite\mtsphere.obj
c:\github\game-framework-private\gameframework_tutorials\3dscene\3dscenegl\debug\struffylite\mttriangle.obj
c:\github\game-framework-private\gameframework_tutorials\3dscene\3dscenegl\debug\struffylite\mtvector2.obj
c:\github\game-framework-private\gameframework_tutorials\3dscene\3dscenegl\debug\struffylite\mtvector3.obj
c:\github\game-framework-private\gameframework_tutorials\3dscene\3dscenegl\debug\struffylite\mtvector4.obj
c:\github\game-framework-private\gameframework_tutorials\3dscene\3dscenegl\debug\struffylite\apconfig.obj
c:\github\game-framework-private\gameframework_tutorials\3dscene\3dscenegl\debug\struffylite\baresource.obj
c:\github\game-framework-private\gameframework_tutorials\3dscene\3dscenegl\debug\struffylite\btcrc.obj
c:\github\game-framework-private\gameframework_tutorials\3dscene\3dscenegl\debug\struffylite\btprint.obj
c:\github\game-framework-private\gameframework_tutorials\3dscene\3dscenegl\debug\struffylite\lbtcompressedfile.obj
c:\github\game-framework-private\gameframework_tutorials\3dscene\3dscenegl\debug\struffylite\lbtmemory.obj
c:\github\game-framework-private\gameframework_tutorials\3dscene\3dscenegl\debug\struffylite\btthread.obj
c:\github\game-framework-private\gameframework_tutorials\3dscene\3dscenegl\debug\struffylite\bttimedx11.obj
c:\github\game-framework-private\gameframework_tutorials\3dscene\3dscenegl\debug\struffylite\baarchive.obj
c:\github\game-framework-private\gameframework_tutorials\3dscene\3dscenegl\debug\struffylite\mtaabb.obj
c:\github\game-framework-private\gameframework_tutorials\3dscene\3dscenegl\debug\struffylite\dycollisionanalytical.obj
c:\github\game-framework-private\gameframework_tutorials\3dscene\3dscenegl\debug\struffylite\dycollisionmesh.obj
c:\github\game-framework-private\gameframework_tutorials\3dscene\3dscenegl\debug\struffylite\struffylite.lib
c:\github\game-framework-private\gameframework_tutorials\3dscene\3dscenegl\debug\struffylite\struffylite.tlog\cl.command.1.tlog
c:\github\game-framework-private\gameframework_tutorials\3dscene\3dscenegl\debug\struffylite\struffylite.tlog\cl.read.1.tlog
c:\github\game-framework-private\gameframework_tutorials\3dscene\3dscenegl\debug\struffylite\struffylite.tlog\cl.write.1.tlog
c:\github\game-framework-private\gameframework_tutorials\3dscene\3dscenegl\debug\struffylite\struffylite.tlog\lib-link.read.1.tlog
c:\github\game-framework-private\gameframework_tutorials\3dscene\3dscenegl\debug\struffylite\struffylite.tlog\lib-link.write.1.tlog
c:\github\game-framework-private\gameframework_tutorials\3dscene\3dscenegl\debug\struffylite\struffylite.tlog\lib.command.1.tlog
