  xmlwriter.c
  xmlunicode.c
  xmlstring.c
  xmlsave.c
  xmlregexp.c
  xmlreader.c
  xmlmodule.c
  xmlmemory.c
  xmlIO.c
  xmlcatalog.c
  xlink.c
  xinclude.c
  valid.c
  uri.c
  tree.c
  threads.c
  SAX2.c
  SAX.c
  relaxng.c
  pattern.c
  Generating Code...
  Compiling...
  parserInternals.c
  parser.c
  nanohttp.c
c:\github\game-framework\gameframework_thirdparty\fcollada\fcollada\libxml\include\wsockcompat.h(21): warning C4005: 'EWOULDBLOCK': macro redefinition
  c:\program files (x86)\windows kits\10\include\10.0.10240.0\ucrt\errno.h(124): note: see previous definition of 'EWOULDBLOCK'
c:\github\game-framework\gameframework_thirdparty\fcollada\fcollada\libxml\include\wsockcompat.h(22): warning C4005: 'EINPROGRESS': macro redefinition
  c:\program files (x86)\windows kits\10\include\10.0.10240.0\ucrt\errno.h(96): note: see previous definition of 'EINPROGRESS'
c:\github\game-framework\gameframework_thirdparty\fcollada\fcollada\libxml\include\wsockcompat.h(23): warning C4005: 'EALREADY': macro redefinition
  c:\program files (x86)\windows kits\10\include\10.0.10240.0\ucrt\errno.h(87): note: see previous definition of 'EALREADY'
c:\github\game-framework\gameframework_thirdparty\fcollada\fcollada\libxml\include\wsockcompat.h(24): warning C4005: 'ENOTSOCK': macro redefinition
  c:\program files (x86)\windows kits\10\include\10.0.10240.0\ucrt\errno.h(112): note: see previous definition of 'ENOTSOCK'
c:\github\game-framework\gameframework_thirdparty\fcollada\fcollada\libxml\include\wsockcompat.h(25): warning C4005: 'EDESTADDRREQ': macro redefinition
  c:\program files (x86)\windows kits\10\include\10.0.10240.0\ucrt\errno.h(93): note: see previous definition of 'EDESTADDRREQ'
c:\github\game-framework\gameframework_thirdparty\fcollada\fcollada\libxml\include\wsockcompat.h(26): warning C4005: 'EMSGSIZE': macro redefinition
  c:\program files (x86)\windows kits\10\include\10.0.10240.0\ucrt\errno.h(99): note: see previous definition of 'EMSGSIZE'
c:\github\game-framework\gameframework_thirdparty\fcollada\fcollada\libxml\include\wsockcompat.h(27): warning C4005: 'EPROTOTYPE': macro redefinition
  c:\program files (x86)\windows kits\10\include\10.0.10240.0\ucrt\errno.h(120): note: see previous definition of 'EPROTOTYPE'
c:\github\game-framework\gameframework_thirdparty\fcollada\fcollada\libxml\include\wsockcompat.h(28): warning C4005: 'ENOPROTOOPT': macro redefinition
  c:\program files (x86)\windows kits\10\include\10.0.10240.0\ucrt\errno.h(107): note: see previous definition of 'ENOPROTOOPT'
c:\github\game-framework\gameframework_thirdparty\fcollada\fcollada\libxml\include\wsockcompat.h(29): warning C4005: 'EPROTONOSUPPORT': macro redefinition
  c:\program files (x86)\windows kits\10\include\10.0.10240.0\ucrt\errno.h(119): note: see previous definition of 'EPROTONOSUPPORT'
c:\github\game-framework\gameframework_thirdparty\fcollada\fcollada\libxml\include\wsockcompat.h(31): warning C4005: 'EOPNOTSUPP': macro redefinition
  c:\program files (x86)\windows kits\10\include\10.0.10240.0\ucrt\errno.h(114): note: see previous definition of 'EOPNOTSUPP'
c:\github\game-framework\gameframework_thirdparty\fcollada\fcollada\libxml\include\wsockcompat.h(33): warning C4005: 'EAFNOSUPPORT': macro redefinition
  c:\program files (x86)\windows kits\10\include\10.0.10240.0\ucrt\errno.h(86): note: see previous definition of 'EAFNOSUPPORT'
c:\github\game-framework\gameframework_thirdparty\fcollada\fcollada\libxml\include\wsockcompat.h(34): warning C4005: 'EADDRINUSE': macro redefinition
  c:\program files (x86)\windows kits\10\include\10.0.10240.0\ucrt\errno.h(84): note: see previous definition of 'EADDRINUSE'
c:\github\game-framework\gameframework_thirdparty\fcollada\fcollada\libxml\include\wsockcompat.h(35): warning C4005: 'EADDRNOTAVAIL': macro redefinition
  c:\program files (x86)\windows kits\10\include\10.0.10240.0\ucrt\errno.h(85): note: see previous definition of 'EADDRNOTAVAIL'
c:\github\game-framework\gameframework_thirdparty\fcollada\fcollada\libxml\include\wsockcompat.h(36): warning C4005: 'ENETDOWN': macro redefinition
  c:\program files (x86)\windows kits\10\include\10.0.10240.0\ucrt\errno.h(100): note: see previous definition of 'ENETDOWN'
c:\github\game-framework\gameframework_thirdparty\fcollada\fcollada\libxml\include\wsockcompat.h(37): warning C4005: 'ENETUNREACH': macro redefinition
  c:\program files (x86)\windows kits\10\include\10.0.10240.0\ucrt\errno.h(102): note: see previous definition of 'ENETUNREACH'
c:\github\game-framework\gameframework_thirdparty\fcollada\fcollada\libxml\include\wsockcompat.h(38): warning C4005: 'ENETRESET': macro redefinition
  c:\program files (x86)\windows kits\10\include\10.0.10240.0\ucrt\errno.h(101): note: see previous definition of 'ENETRESET'
c:\github\game-framework\gameframework_thirdparty\fcollada\fcollada\libxml\include\wsockcompat.h(39): warning C4005: 'ECONNABORTED': macro redefinition
  c:\program files (x86)\windows kits\10\include\10.0.10240.0\ucrt\errno.h(90): note: see previous definition of 'ECONNABORTED'
c:\github\game-framework\gameframework_thirdparty\fcollada\fcollada\libxml\include\wsockcompat.h(40): warning C4005: 'ECONNRESET': macro redefinition
  c:\program files (x86)\windows kits\10\include\10.0.10240.0\ucrt\errno.h(92): note: see previous definition of 'ECONNRESET'
c:\github\game-framework\gameframework_thirdparty\fcollada\fcollada\libxml\include\wsockcompat.h(41): warning C4005: 'ENOBUFS': macro redefinition
  c:\program files (x86)\windows kits\10\include\10.0.10240.0\ucrt\errno.h(103): note: see previous definition of 'ENOBUFS'
c:\github\game-framework\gameframework_thirdparty\fcollada\fcollada\libxml\include\wsockcompat.h(42): warning C4005: 'EISCONN': macro redefinition
  c:\program files (x86)\windows kits\10\include\10.0.10240.0\ucrt\errno.h(97): note: see previous definition of 'EISCONN'
c:\github\game-framework\gameframework_thirdparty\fcollada\fcollada\libxml\include\wsockcompat.h(43): warning C4005: 'ENOTCONN': macro redefinition
  c:\program files (x86)\windows kits\10\include\10.0.10240.0\ucrt\errno.h(110): note: see previous definition of 'ENOTCONN'
c:\github\game-framework\gameframework_thirdparty\fcollada\fcollada\libxml\include\wsockcompat.h(46): warning C4005: 'ETIMEDOUT': macro redefinition
  c:\program files (x86)\windows kits\10\include\10.0.10240.0\ucrt\errno.h(122): note: see previous definition of 'ETIMEDOUT'
c:\github\game-framework\gameframework_thirdparty\fcollada\fcollada\libxml\include\wsockcompat.h(47): warning C4005: 'ECONNREFUSED': macro redefinition
  c:\program files (x86)\windows kits\10\include\10.0.10240.0\ucrt\errno.h(91): note: see previous definition of 'ECONNREFUSED'
c:\github\game-framework\gameframework_thirdparty\fcollada\fcollada\libxml\include\wsockcompat.h(48): warning C4005: 'ELOOP': macro redefinition
  c:\program files (x86)\windows kits\10\include\10.0.10240.0\ucrt\errno.h(98): note: see previous definition of 'ELOOP'
c:\github\game-framework\gameframework_thirdparty\fcollada\fcollada\libxml\include\wsockcompat.h(50): warning C4005: 'EHOSTUNREACH': macro redefinition
  c:\program files (x86)\windows kits\10\include\10.0.10240.0\ucrt\errno.h(94): note: see previous definition of 'EHOSTUNREACH'
  nanoftp.c
c:\github\game-framework\gameframework_thirdparty\fcollada\fcollada\libxml\include\wsockcompat.h(21): warning C4005: 'EWOULDBLOCK': macro redefinition
  c:\program files (x86)\windows kits\10\include\10.0.10240.0\ucrt\errno.h(124): note: see previous definition of 'EWOULDBLOCK'
c:\github\game-framework\gameframework_thirdparty\fcollada\fcollada\libxml\include\wsockcompat.h(22): warning C4005: 'EINPROGRESS': macro redefinition
  c:\program files (x86)\windows kits\10\include\10.0.10240.0\ucrt\errno.h(96): note: see previous definition of 'EINPROGRESS'
c:\github\game-framework\gameframework_thirdparty\fcollada\fcollada\libxml\include\wsockcompat.h(23): warning C4005: 'EALREADY': macro redefinition
  c:\program files (x86)\windows kits\10\include\10.0.10240.0\ucrt\errno.h(87): note: see previous definition of 'EALREADY'
c:\github\game-framework\gameframework_thirdparty\fcollada\fcollada\libxml\include\wsockcompat.h(24): warning C4005: 'ENOTSOCK': macro redefinition
  c:\program files (x86)\windows kits\10\include\10.0.10240.0\ucrt\errno.h(112): note: see previous definition of 'ENOTSOCK'
c:\github\game-framework\gameframework_thirdparty\fcollada\fcollada\libxml\include\wsockcompat.h(25): warning C4005: 'EDESTADDRREQ': macro redefinition
  c:\program files (x86)\windows kits\10\include\10.0.10240.0\ucrt\errno.h(93): note: see previous definition of 'EDESTADDRREQ'
c:\github\game-framework\gameframework_thirdparty\fcollada\fcollada\libxml\include\wsockcompat.h(26): warning C4005: 'EMSGSIZE': macro redefinition
  c:\program files (x86)\windows kits\10\include\10.0.10240.0\ucrt\errno.h(99): note: see previous definition of 'EMSGSIZE'
c:\github\game-framework\gameframework_thirdparty\fcollada\fcollada\libxml\include\wsockcompat.h(27): warning C4005: 'EPROTOTYPE': macro redefinition
  c:\program files (x86)\windows kits\10\include\10.0.10240.0\ucrt\errno.h(120): note: see previous definition of 'EPROTOTYPE'
c:\github\game-framework\gameframework_thirdparty\fcollada\fcollada\libxml\include\wsockcompat.h(28): warning C4005: 'ENOPROTOOPT': macro redefinition
  c:\program files (x86)\windows kits\10\include\10.0.10240.0\ucrt\errno.h(107): note: see previous definition of 'ENOPROTOOPT'
c:\github\game-framework\gameframework_thirdparty\fcollada\fcollada\libxml\include\wsockcompat.h(29): warning C4005: 'EPROTONOSUPPORT': macro redefinition
  c:\program files (x86)\windows kits\10\include\10.0.10240.0\ucrt\errno.h(119): note: see previous definition of 'EPROTONOSUPPORT'
c:\github\game-framework\gameframework_thirdparty\fcollada\fcollada\libxml\include\wsockcompat.h(31): warning C4005: 'EOPNOTSUPP': macro redefinition
  c:\program files (x86)\windows kits\10\include\10.0.10240.0\ucrt\errno.h(114): note: see previous definition of 'EOPNOTSUPP'
c:\github\game-framework\gameframework_thirdparty\fcollada\fcollada\libxml\include\wsockcompat.h(33): warning C4005: 'EAFNOSUPPORT': macro redefinition
  c:\program files (x86)\windows kits\10\include\10.0.10240.0\ucrt\errno.h(86): note: see previous definition of 'EAFNOSUPPORT'
c:\github\game-framework\gameframework_thirdparty\fcollada\fcollada\libxml\include\wsockcompat.h(34): warning C4005: 'EADDRINUSE': macro redefinition
  c:\program files (x86)\windows kits\10\include\10.0.10240.0\ucrt\errno.h(84): note: see previous definition of 'EADDRINUSE'
c:\github\game-framework\gameframework_thirdparty\fcollada\fcollada\libxml\include\wsockcompat.h(35): warning C4005: 'EADDRNOTAVAIL': macro redefinition
  c:\program files (x86)\windows kits\10\include\10.0.10240.0\ucrt\errno.h(85): note: see previous definition of 'EADDRNOTAVAIL'
c:\github\game-framework\gameframework_thirdparty\fcollada\fcollada\libxml\include\wsockcompat.h(36): warning C4005: 'ENETDOWN': macro redefinition
  c:\program files (x86)\windows kits\10\include\10.0.10240.0\ucrt\errno.h(100): note: see previous definition of 'ENETDOWN'
c:\github\game-framework\gameframework_thirdparty\fcollada\fcollada\libxml\include\wsockcompat.h(37): warning C4005: 'ENETUNREACH': macro redefinition
  c:\program files (x86)\windows kits\10\include\10.0.10240.0\ucrt\errno.h(102): note: see previous definition of 'ENETUNREACH'
c:\github\game-framework\gameframework_thirdparty\fcollada\fcollada\libxml\include\wsockcompat.h(38): warning C4005: 'ENETRESET': macro redefinition
  c:\program files (x86)\windows kits\10\include\10.0.10240.0\ucrt\errno.h(101): note: see previous definition of 'ENETRESET'
c:\github\game-framework\gameframework_thirdparty\fcollada\fcollada\libxml\include\wsockcompat.h(39): warning C4005: 'ECONNABORTED': macro redefinition
  c:\program files (x86)\windows kits\10\include\10.0.10240.0\ucrt\errno.h(90): note: see previous definition of 'ECONNABORTED'
c:\github\game-framework\gameframework_thirdparty\fcollada\fcollada\libxml\include\wsockcompat.h(40): warning C4005: 'ECONNRESET': macro redefinition
  c:\program files (x86)\windows kits\10\include\10.0.10240.0\ucrt\errno.h(92): note: see previous definition of 'ECONNRESET'
c:\github\game-framework\gameframework_thirdparty\fcollada\fcollada\libxml\include\wsockcompat.h(41): warning C4005: 'ENOBUFS': macro redefinition
  c:\program files (x86)\windows kits\10\include\10.0.10240.0\ucrt\errno.h(103): note: see previous definition of 'ENOBUFS'
c:\github\game-framework\gameframework_thirdparty\fcollada\fcollada\libxml\include\wsockcompat.h(42): warning C4005: 'EISCONN': macro redefinition
  c:\program files (x86)\windows kits\10\include\10.0.10240.0\ucrt\errno.h(97): note: see previous definition of 'EISCONN'
c:\github\game-framework\gameframework_thirdparty\fcollada\fcollada\libxml\include\wsockcompat.h(43): warning C4005: 'ENOTCONN': macro redefinition
  c:\program files (x86)\windows kits\10\include\10.0.10240.0\ucrt\errno.h(110): note: see previous definition of 'ENOTCONN'
c:\github\game-framework\gameframework_thirdparty\fcollada\fcollada\libxml\include\wsockcompat.h(46): warning C4005: 'ETIMEDOUT': macro redefinition
  c:\program files (x86)\windows kits\10\include\10.0.10240.0\ucrt\errno.h(122): note: see previous definition of 'ETIMEDOUT'
c:\github\game-framework\gameframework_thirdparty\fcollada\fcollada\libxml\include\wsockcompat.h(47): warning C4005: 'ECONNREFUSED': macro redefinition
  c:\program files (x86)\windows kits\10\include\10.0.10240.0\ucrt\errno.h(91): note: see previous definition of 'ECONNREFUSED'
c:\github\game-framework\gameframework_thirdparty\fcollada\fcollada\libxml\include\wsockcompat.h(48): warning C4005: 'ELOOP': macro redefinition
  c:\program files (x86)\windows kits\10\include\10.0.10240.0\ucrt\errno.h(98): note: see previous definition of 'ELOOP'
c:\github\game-framework\gameframework_thirdparty\fcollada\fcollada\libxml\include\wsockcompat.h(50): warning C4005: 'EHOSTUNREACH': macro redefinition
  c:\program files (x86)\windows kits\10\include\10.0.10240.0\ucrt\errno.h(94): note: see previous definition of 'EHOSTUNREACH'
  list.c
  legacy.c
  HTMLtree.c
  HTMLparser.c
  hash.c
  globals.c
  error.c
  entities.c
  encoding.c
  DOCBparser.c
  dict.c
  debugXML.c
  chvalid.c
  catalog.c
  c14n.c
  Generating Code...
  LibXML.vcxproj -> C:\github\Game-Framework\GameFramework_ThirdParty\FCollada\FCollada\LibXML\../Output/Debug Win32/LibXML\LibXML.lib
