  Ui360Impl.cpp
Ui360Impl.cpp(12): error C2011: 'Ui360ControllerState': 'struct' type redefinition
  c:\github\game-framework-private\gameframework\platformwin\Ui360Impl.h(13): note: see declaration of 'Ui360ControllerState'
Ui360Impl.cpp(30): error C2027: use of undefined type 'Ui360ControllerState'
  c:\github\game-framework-private\gameframework\platformwin\Ui360Impl.h(13): note: see declaration of 'Ui360ControllerState'
Ui360Impl.cpp(30): error C2228: left of '.m_lastState' must have class/struct/union
Ui360Impl.cpp(30): error C2228: left of '.m_state' must have class/struct/union
Ui360Impl.cpp(33): error C2027: use of undefined type 'Ui360ControllerState'
  c:\github\game-framework-private\gameframework\platformwin\Ui360Impl.h(13): note: see declaration of 'Ui360ControllerState'
Ui360Impl.cpp(33): error C2228: left of '.m_state' must have class/struct/union
Ui360Impl.cpp(33): error C2530: 'state': references must be initialized
Ui360Impl.cpp(41): error C2027: use of undefined type 'Ui360ControllerState'
  c:\github\game-framework-private\gameframework\platformwin\Ui360Impl.h(13): note: see declaration of 'Ui360ControllerState'
Ui360Impl.cpp(41): error C2228: left of '.m_bConnected' must have class/struct/union
Ui360Impl.cpp(64): error C2027: use of undefined type 'Ui360ControllerState'
  c:\github\game-framework-private\gameframework\platformwin\Ui360Impl.h(13): note: see declaration of 'Ui360ControllerState'
Ui360Impl.cpp(64): error C2228: left of '.m_bConnected' must have class/struct/union
Ui360Impl.cpp(88): error C2027: use of undefined type 'Ui360ControllerState'
  c:\github\game-framework-private\gameframework\platformwin\Ui360Impl.h(13): note: see declaration of 'Ui360ControllerState'
Ui360Impl.cpp(88): error C2228: left of '.m_bConnected' must have class/struct/union
Ui360Impl.cpp(91): error C2027: use of undefined type 'Ui360ControllerState'
  c:\github\game-framework-private\gameframework\platformwin\Ui360Impl.h(13): note: see declaration of 'Ui360ControllerState'
Ui360Impl.cpp(91): error C2228: left of '.m_state' must have class/struct/union
Ui360Impl.cpp(91): error C2530: 'state': references must be initialized
Ui360Impl.cpp(106): error C2027: use of undefined type 'Ui360ControllerState'
  c:\github\game-framework-private\gameframework\platformwin\Ui360Impl.h(13): note: see declaration of 'Ui360ControllerState'
Ui360Impl.cpp(106): error C2228: left of '.m_bConnected' must have class/struct/union
Ui360Impl.cpp(109): error C2027: use of undefined type 'Ui360ControllerState'
  c:\github\game-framework-private\gameframework\platformwin\Ui360Impl.h(13): note: see declaration of 'Ui360ControllerState'
Ui360Impl.cpp(109): error C2228: left of '.m_state' must have class/struct/union
Ui360Impl.cpp(109): error C2530: 'state': references must be initialized
Ui360Impl.cpp(122): error C2027: use of undefined type 'Ui360ControllerState'
  c:\github\game-framework-private\gameframework\platformwin\Ui360Impl.h(13): note: see declaration of 'Ui360ControllerState'
Ui360Impl.cpp(122): error C2228: left of '.m_bConnected' must have class/struct/union
Ui360Impl.cpp(130): error C2027: use of undefined type 'Ui360ControllerState'
  c:\github\game-framework-private\gameframework\platformwin\Ui360Impl.h(13): note: see declaration of 'Ui360ControllerState'
Ui360Impl.cpp(130): error C2228: left of '.m_state' must have class/struct/union
Ui360Impl.cpp(130): error C2228: left of '.Gamepad' must have class/struct/union
Ui360Impl.cpp(130): error C2228: left of '.bLeftTrigger' must have class/struct/union
Ui360Impl.cpp(141): error C2027: use of undefined type 'Ui360ControllerState'
  c:\github\game-framework-private\gameframework\platformwin\Ui360Impl.h(13): note: see declaration of 'Ui360ControllerState'
Ui360Impl.cpp(141): error C2228: left of '.m_state' must have class/struct/union
Ui360Impl.cpp(141): error C2228: left of '.Gamepad' must have class/struct/union
Ui360Impl.cpp(141): error C2228: left of '.bRightTrigger' must have class/struct/union
Ui360Impl.cpp(152): error C2027: use of undefined type 'Ui360ControllerState'
  c:\github\game-framework-private\gameframework\platformwin\Ui360Impl.h(13): note: see declaration of 'Ui360ControllerState'
Ui360Impl.cpp(152): error C2228: left of '.m_state' must have class/struct/union
Ui360Impl.cpp(152): error C2228: left of '.Gamepad' must have class/struct/union
Ui360Impl.cpp(152): error C2228: left of '.wButtons' must have class/struct/union
Ui360Impl.cpp(160): error C2027: use of undefined type 'Ui360ControllerState'
  c:\github\game-framework-private\gameframework\platformwin\Ui360Impl.h(13): note: see declaration of 'Ui360ControllerState'
Ui360Impl.cpp(160): error C2228: left of '.m_state' must have class/struct/union
Ui360Impl.cpp(160): error C2228: left of '.Gamepad' must have class/struct/union
Ui360Impl.cpp(160): error C2228: left of '.wButtons' must have class/struct/union
Ui360Impl.cpp(161): error C2027: use of undefined type 'Ui360ControllerState'
  c:\github\game-framework-private\gameframework\platformwin\Ui360Impl.h(13): note: see declaration of 'Ui360ControllerState'
Ui360Impl.cpp(161): error C2228: left of '.m_lastState' must have class/struct/union
Ui360Impl.cpp(161): error C2228: left of '.Gamepad' must have class/struct/union
Ui360Impl.cpp(161): error C2228: left of '.wButtons' must have class/struct/union
Ui360Impl.cpp(175): error C2027: use of undefined type 'Ui360ControllerState'
  c:\github\game-framework-private\gameframework\platformwin\Ui360Impl.h(13): note: see declaration of 'Ui360ControllerState'
Ui360Impl.cpp(175): error C2228: left of '.m_state' must have class/struct/union
Ui360Impl.cpp(175): error C2228: left of '.Gamepad' must have class/struct/union
Ui360Impl.cpp(175): error C2228: left of '.wButtons' must have class/struct/union
Ui360Impl.cpp(176): error C2027: use of undefined type 'Ui360ControllerState'
  c:\github\game-framework-private\gameframework\platformwin\Ui360Impl.h(13): note: see declaration of 'Ui360ControllerState'
Ui360Impl.cpp(176): error C2228: left of '.m_lastState' must have class/struct/union
Ui360Impl.cpp(176): error C2228: left of '.Gamepad' must have class/struct/union
Ui360Impl.cpp(176): error C2228: left of '.wButtons' must have class/struct/union
Ui360Impl.cpp(190): error C2027: use of undefined type 'Ui360ControllerState'
  c:\github\game-framework-private\gameframework\platformwin\Ui360Impl.h(13): note: see declaration of 'Ui360ControllerState'
Ui360Impl.cpp(190): error C2228: left of '.m_state' must have class/struct/union
Ui360Impl.cpp(190): error C2228: left of '.Gamepad' must have class/struct/union
Ui360Impl.cpp(190): error C2228: left of '.wButtons' must have class/struct/union
