c:\github\game-framework-private\gameframework_tutorials\3dscene\3dscenegl\debug\impl\impl.pdb
c:\github\game-framework-private\gameframework_tutorials\3dscene\3dscenegl\debug\impl\impl.idb
c:\github\game-framework-private\gameframework_tutorials\3dscene\3dscenegl\debug\impl\rssceneimpl.obj
c:\github\game-framework-private\gameframework_tutorials\3dscene\3dscenegl\debug\impl\sganimatorimpl.obj
c:\github\game-framework-private\gameframework_tutorials\3dscene\3dscenegl\debug\impl\sgboneimpl.obj
c:\github\game-framework-private\gameframework_tutorials\3dscene\3dscenegl\debug\impl\sgcollisionimpl.obj
c:\github\game-framework-private\gameframework_tutorials\3dscene\3dscenegl\debug\impl\sdsoundcaptureimpl.obj
c:\github\game-framework-private\gameframework_tutorials\3dscene\3dscenegl\debug\impl\sdsoundimpl.obj
c:\github\game-framework-private\gameframework_tutorials\3dscene\3dscenegl\debug\impl\ui360.obj
c:\github\game-framework-private\gameframework_tutorials\3dscene\3dscenegl\debug\impl\uiinputimpl.obj
c:\github\game-framework-private\gameframework_tutorials\3dscene\3dscenegl\debug\impl\uikeyboardimpl.obj
c:\github\game-framework-private\gameframework_tutorials\3dscene\3dscenegl\debug\impl\btthread.obj
c:\github\game-framework-private\gameframework_tutorials\3dscene\3dscenegl\debug\impl\bttime.obj
c:\github\game-framework-private\gameframework_tutorials\3dscene\3dscenegl\debug\impl\ui360impl.obj
c:\github\game-framework-private\gameframework_tutorials\3dscene\3dscenegl\debug\impl\rsimpl.obj
c:\github\game-framework-private\gameframework_tutorials\3dscene\3dscenegl\debug\impl\rsindexbuffer.obj
c:\github\game-framework-private\gameframework_tutorials\3dscene\3dscenegl\debug\impl\rsrendertarget.obj
c:\github\game-framework-private\gameframework_tutorials\3dscene\3dscenegl\debug\impl\rsresourcemanager.obj
c:\github\game-framework-private\gameframework_tutorials\3dscene\3dscenegl\debug\impl\rsshader.obj
c:\github\game-framework-private\gameframework_tutorials\3dscene\3dscenegl\debug\impl\rsutil.obj
c:\github\game-framework-private\gameframework_tutorials\3dscene\3dscenegl\debug\impl\sgblendshapeimpl.obj
c:\github\game-framework-private\gameframework_tutorials\3dscene\3dscenegl\debug\impl\sglightimpl.obj
c:\github\game-framework-private\gameframework_tutorials\3dscene\3dscenegl\debug\impl\sgrigidbodyimpl.obj
c:\github\game-framework-private\gameframework_tutorials\3dscene\3dscenegl\debug\impl\uikeyboard.obj
c:\github\game-framework-private\gameframework_tutorials\3dscene\3dscenegl\debug\impl\rscapsimpl.obj
c:\github\game-framework-private\gameframework_tutorials\3dscene\3dscenegl\debug\impl\rscolourimpl.obj
c:\github\game-framework-private\gameframework_tutorials\3dscene\3dscenegl\debug\impl\fsfile.obj
c:\github\game-framework-private\gameframework_tutorials\3dscene\3dscenegl\debug\impl\mtaabb.obj
c:\github\game-framework-private\gameframework_tutorials\3dscene\3dscenegl\debug\impl\mtline.obj
c:\github\game-framework-private\gameframework_tutorials\3dscene\3dscenegl\debug\impl\mtmath.obj
c:\github\game-framework-private\gameframework_tutorials\3dscene\3dscenegl\debug\impl\mtmatrix3.obj
c:\github\game-framework-private\gameframework_tutorials\3dscene\3dscenegl\debug\impl\mtmatrix4.obj
c:\github\game-framework-private\gameframework_tutorials\3dscene\3dscenegl\debug\impl\mtplane.obj
c:\github\game-framework-private\gameframework_tutorials\3dscene\3dscenegl\debug\impl\mtpoint.obj
c:\github\game-framework-private\gameframework_tutorials\3dscene\3dscenegl\debug\impl\mtquad.obj
c:\github\game-framework-private\gameframework_tutorials\3dscene\3dscenegl\debug\impl\mtquaternion.obj
c:\github\game-framework-private\gameframework_tutorials\3dscene\3dscenegl\debug\impl\mtray.obj
c:\github\game-framework-private\gameframework_tutorials\3dscene\3dscenegl\debug\impl\mtsphere.obj
c:\github\game-framework-private\gameframework_tutorials\3dscene\3dscenegl\debug\impl\mttriangle.obj
c:\github\game-framework-private\gameframework_tutorials\3dscene\3dscenegl\debug\impl\mtvector2.obj
c:\github\game-framework-private\gameframework_tutorials\3dscene\3dscenegl\debug\impl\mtvector3.obj
c:\github\game-framework-private\gameframework_tutorials\3dscene\3dscenegl\debug\impl\mtvector4.obj
c:\github\game-framework-private\gameframework_tutorials\3dscene\3dscenegl\debug\impl\lrdrandom.obj
c:\github\game-framework-private\gameframework_tutorials\3dscene\3dscenegl\debug\impl\rscamera.obj
c:\github\game-framework-private\gameframework_tutorials\3dscene\3dscenegl\debug\impl\rscolour.obj
c:\github\game-framework-private\gameframework_tutorials\3dscene\3dscenegl\debug\impl\rsfrustum.obj
c:\github\game-framework-private\gameframework_tutorials\3dscene\3dscenegl\debug\impl\apconfig.obj
c:\github\game-framework-private\gameframework_tutorials\3dscene\3dscenegl\debug\impl\btcrc.obj
c:\github\game-framework-private\gameframework_tutorials\3dscene\3dscenegl\debug\impl\btprint.obj
c:\github\game-framework-private\gameframework_tutorials\3dscene\3dscenegl\debug\impl\lbtcompressedfile.obj
c:\github\game-framework-private\gameframework_tutorials\3dscene\3dscenegl\debug\impl\lbtmemory.obj
c:\github\game-framework-private\gameframework_tutorials\3dscene\3dscenegl\debug\impl\lbtstring.obj
c:\github\game-framework-private\gameframework_tutorials\3dscene\3dscenegl\debug\impl\baarchive.obj
c:\github\game-framework-private\gameframework_tutorials\3dscene\3dscenegl\debug\impl\baresource.obj
c:\github\game-framework-private\gameframework_tutorials\3dscene\3dscenegl\debug\impl\lbauserdata.obj
c:\github\game-framework-private\gameframework_tutorials\3dscene\3dscenegl\debug\impl\dycollisionanalytical.obj
c:\github\game-framework-private\gameframework_tutorials\3dscene\3dscenegl\debug\impl\dycollisionmesh.obj
c:\github\game-framework-private\gameframework_tutorials\3dscene\3dscenegl\debug\impl\errorlog.obj
c:\github\game-framework-private\gameframework_tutorials\3dscene\3dscenegl\debug\impl\rsvertexbufferimpl.obj
c:\github\game-framework-private\gameframework_tutorials\3dscene\3dscenegl\debug\impl\baarchiveimpl.obj
c:\github\game-framework-private\gameframework_tutorials\3dscene\3dscenegl\debug\impl\rsflashimpl.obj
c:\github\game-framework-private\gameframework_tutorials\3dscene\3dscenegl\debug\impl\rsfontimpl.obj
c:\github\game-framework-private\gameframework_tutorials\3dscene\3dscenegl\debug\impl\rsmanagerimpl.obj
c:\github\game-framework-private\gameframework_tutorials\3dscene\3dscenegl\debug\impl\rsrendertargetimpl.obj
c:\github\game-framework-private\gameframework_tutorials\3dscene\3dscenegl\debug\impl\rsshaderimpl.obj
c:\github\game-framework-private\gameframework_tutorials\3dscene\3dscenegl\debug\impl\rsspriteimpl.obj
c:\github\game-framework-private\gameframework_tutorials\3dscene\3dscenegl\debug\impl\rstextureimpl.obj
c:\github\game-framework-private\gameframework_tutorials\3dscene\3dscenegl\debug\impl\sgmaterialsimpl.obj
c:\github\game-framework-private\gameframework_tutorials\3dscene\3dscenegl\debug\impl\sgmeshimpl.obj
c:\github\game-framework-private\gameframework_tutorials\3dscene\3dscenegl\debug\impl\sgnodeimpl.obj
c:\github\game-framework-private\gameframework_tutorials\3dscene\3dscenegl\debug\impl\sgskinimpl.obj
c:\github\game-framework-private\gameframework_tutorials\3dscene\3dscenegl\debug\impl\rsindexbufferimpl.obj
c:\github\game-framework-private\gameframework_tutorials\3dscene\3dscenegl\debug\impl\rsmaterialimpl.obj
c:\github\game-framework-private\gameframework_tutorials\3dscene\3dscenegl\debug\impl\impl.lib
c:\github\game-framework-private\gameframework_tutorials\3dscene\3dscenegl\debug\impl\impl.tlog\cl.command.1.tlog
c:\github\game-framework-private\gameframework_tutorials\3dscene\3dscenegl\debug\impl\impl.tlog\cl.read.1.tlog
c:\github\game-framework-private\gameframework_tutorials\3dscene\3dscenegl\debug\impl\impl.tlog\cl.write.1.tlog
c:\github\game-framework-private\gameframework_tutorials\3dscene\3dscenegl\debug\impl\impl.tlog\lib-link.read.1.tlog
c:\github\game-framework-private\gameframework_tutorials\3dscene\3dscenegl\debug\impl\impl.tlog\lib-link.write.1.tlog
c:\github\game-framework-private\gameframework_tutorials\3dscene\3dscenegl\debug\impl\impl.tlog\lib.command.1.tlog
