e:\gameframework\gameframework_thirdparty\glfw\debug\glfw.pdb
e:\gameframework\gameframework_thirdparty\glfw\debug\glfw.idb
e:\gameframework\gameframework_thirdparty\glfw\debug\fullscreen.obj
e:\gameframework\gameframework_thirdparty\glfw\debug\glext.obj
e:\gameframework\gameframework_thirdparty\glfw\debug\image.obj
e:\gameframework\gameframework_thirdparty\glfw\debug\init.obj
e:\gameframework\gameframework_thirdparty\glfw\debug\input.obj
e:\gameframework\gameframework_thirdparty\glfw\debug\joystick.obj
e:\gameframework\gameframework_thirdparty\glfw\debug\stream.obj
e:\gameframework\gameframework_thirdparty\glfw\debug\tga.obj
e:\gameframework\gameframework_thirdparty\glfw\debug\thread.obj
e:\gameframework\gameframework_thirdparty\glfw\debug\time.obj
e:\gameframework\gameframework_thirdparty\glfw\debug\win32_dllmain.obj
e:\gameframework\gameframework_thirdparty\glfw\debug\win32_enable.obj
e:\gameframework\gameframework_thirdparty\glfw\debug\win32_fullscreen.obj
e:\gameframework\gameframework_thirdparty\glfw\debug\win32_glext.obj
e:\gameframework\gameframework_thirdparty\glfw\debug\win32_init.obj
e:\gameframework\gameframework_thirdparty\glfw\debug\win32_joystick.obj
e:\gameframework\gameframework_thirdparty\glfw\debug\win32_thread.obj
e:\gameframework\gameframework_thirdparty\glfw\debug\win32_time.obj
e:\gameframework\gameframework_thirdparty\glfw\debug\win32_window.obj
e:\gameframework\gameframework_thirdparty\glfw\debug\window.obj
e:\gameframework\gameframework_thirdparty\glfw\debug\enable.obj
e:\gameframework\gavinwood_tutorials\murmuration\murmuration1gl\debug\glfw.lib
e:\gameframework\gavinwood_tutorials\murmuration\murmuration1gl\debug\glfw.pdb
e:\gameframework\gameframework_thirdparty\glfw\debug\glfw.tlog\cl.command.1.tlog
e:\gameframework\gameframework_thirdparty\glfw\debug\glfw.tlog\cl.read.1.tlog
e:\gameframework\gameframework_thirdparty\glfw\debug\glfw.tlog\cl.write.1.tlog
e:\gameframework\gameframework_thirdparty\glfw\debug\glfw.tlog\lib-link.read.1.tlog
e:\gameframework\gameframework_thirdparty\glfw\debug\glfw.tlog\lib-link.write.1.tlog
e:\gameframework\gameframework_thirdparty\glfw\debug\glfw.tlog\lib.command.1.tlog
