  Ui360.cpp
c:\github\game-framework-private\gameframework\platform\Ui360.h(21): error C2504: 'Ui360': base class undefined
c:\github\game-framework-private\gameframework\platform\Ui360.h(44): error C2065: 'MaxControllers': undeclared identifier
Ui360.cpp(12): error C2011: 'Ui360ControllerState': 'struct' type redefinition
  c:\github\game-framework-private\gameframework\platform\Ui360.h(13): note: see declaration of 'Ui360ControllerState'
Ui360.cpp(19): error C2065: 'MaxControllers': undeclared identifier
Ui360.cpp(26): error C2653: 'Ui360': is not a class or namespace name
Ui360.cpp(29): error C2065: 'MaxControllers': undeclared identifier
Ui360.cpp(31): error C2027: use of undefined type 'Ui360ControllerState'
  c:\github\game-framework-private\gameframework\platform\Ui360.h(13): note: see declaration of 'Ui360ControllerState'
Ui360.cpp(31): error C2228: left of '.m_lastState' must have class/struct/union
Ui360.cpp(31): error C2228: left of '.m_state' must have class/struct/union
Ui360.cpp(34): error C2027: use of undefined type 'Ui360ControllerState'
  c:\github\game-framework-private\gameframework\platform\Ui360.h(13): note: see declaration of 'Ui360ControllerState'
Ui360.cpp(34): error C2228: left of '.m_state' must have class/struct/union
Ui360.cpp(34): error C2530: 'state': references must be initialized
Ui360.cpp(42): error C2027: use of undefined type 'Ui360ControllerState'
  c:\github\game-framework-private\gameframework\platform\Ui360.h(13): note: see declaration of 'Ui360ControllerState'
Ui360.cpp(42): error C2228: left of '.m_bConnected' must have class/struct/union
Ui360.cpp(65): error C2027: use of undefined type 'Ui360ControllerState'
  c:\github\game-framework-private\gameframework\platform\Ui360.h(13): note: see declaration of 'Ui360ControllerState'
Ui360.cpp(65): error C2228: left of '.m_bConnected' must have class/struct/union
Ui360.cpp(85): error C2653: 'Ui360': is not a class or namespace name
Ui360.cpp(89): error C2027: use of undefined type 'Ui360ControllerState'
  c:\github\game-framework-private\gameframework\platform\Ui360.h(13): note: see declaration of 'Ui360ControllerState'
Ui360.cpp(89): error C2228: left of '.m_bConnected' must have class/struct/union
Ui360.cpp(92): error C2027: use of undefined type 'Ui360ControllerState'
  c:\github\game-framework-private\gameframework\platform\Ui360.h(13): note: see declaration of 'Ui360ControllerState'
Ui360.cpp(92): error C2228: left of '.m_state' must have class/struct/union
Ui360.cpp(92): error C2530: 'state': references must be initialized
Ui360.cpp(103): error C2653: 'Ui360': is not a class or namespace name
Ui360.cpp(107): error C2027: use of undefined type 'Ui360ControllerState'
  c:\github\game-framework-private\gameframework\platform\Ui360.h(13): note: see declaration of 'Ui360ControllerState'
Ui360.cpp(107): error C2228: left of '.m_bConnected' must have class/struct/union
Ui360.cpp(110): error C2027: use of undefined type 'Ui360ControllerState'
  c:\github\game-framework-private\gameframework\platform\Ui360.h(13): note: see declaration of 'Ui360ControllerState'
Ui360.cpp(110): error C2228: left of '.m_state' must have class/struct/union
Ui360.cpp(110): error C2530: 'state': references must be initialized
Ui360.cpp(121): error C2653: 'Ui360': is not a class or namespace name
Ui360.cpp(123): error C2027: use of undefined type 'Ui360ControllerState'
  c:\github\game-framework-private\gameframework\platform\Ui360.h(13): note: see declaration of 'Ui360ControllerState'
Ui360.cpp(123): error C2228: left of '.m_bConnected' must have class/struct/union
Ui360.cpp(129): error C2653: 'Ui360': is not a class or namespace name
Ui360.cpp(131): error C2027: use of undefined type 'Ui360ControllerState'
  c:\github\game-framework-private\gameframework\platform\Ui360.h(13): note: see declaration of 'Ui360ControllerState'
Ui360.cpp(131): error C2228: left of '.m_state' must have class/struct/union
Ui360.cpp(131): error C2228: left of '.Gamepad' must have class/struct/union
Ui360.cpp(131): error C2228: left of '.bLeftTrigger' must have class/struct/union
Ui360.cpp(140): error C2653: 'Ui360': is not a class or namespace name
Ui360.cpp(142): error C2027: use of undefined type 'Ui360ControllerState'
  c:\github\game-framework-private\gameframework\platform\Ui360.h(13): note: see declaration of 'Ui360ControllerState'
Ui360.cpp(142): error C2228: left of '.m_state' must have class/struct/union
Ui360.cpp(142): error C2228: left of '.Gamepad' must have class/struct/union
Ui360.cpp(142): error C2228: left of '.bRightTrigger' must have class/struct/union
Ui360.cpp(151): error C2653: 'Ui360': is not a class or namespace name
Ui360.cpp(153): error C2027: use of undefined type 'Ui360ControllerState'
  c:\github\game-framework-private\gameframework\platform\Ui360.h(13): note: see declaration of 'Ui360ControllerState'
Ui360.cpp(153): error C2228: left of '.m_state' must have class/struct/union
Ui360.cpp(153): error C2228: left of '.Gamepad' must have class/struct/union
Ui360.cpp(153): error C2228: left of '.wButtons' must have class/struct/union
Ui360.cpp(159): error C2653: 'Ui360': is not a class or namespace name
Ui360.cpp(161): error C2027: use of undefined type 'Ui360ControllerState'
  c:\github\game-framework-private\gameframework\platform\Ui360.h(13): note: see declaration of 'Ui360ControllerState'
Ui360.cpp(161): error C2228: left of '.m_state' must have class/struct/union
Ui360.cpp(161): error C2228: left of '.Gamepad' must have class/struct/union
Ui360.cpp(161): error C2228: left of '.wButtons' must have class/struct/union
Ui360.cpp(162): error C2027: use of undefined type 'Ui360ControllerState'
  c:\github\game-framework-private\gameframework\platform\Ui360.h(13): note: see declaration of 'Ui360ControllerState'
Ui360.cpp(162): error C2228: left of '.m_lastState' must have class/struct/union
Ui360.cpp(162): error C2228: left of '.Gamepad' must have class/struct/union
Ui360.cpp(162): error C2228: left of '.wButtons' must have class/struct/union
Ui360.cpp(174): error C2653: 'Ui360': is not a class or namespace name
Ui360.cpp(176): error C2027: use of undefined type 'Ui360ControllerState'
  c:\github\game-framework-private\gameframework\platform\Ui360.h(13): note: see declaration of 'Ui360ControllerState'
Ui360.cpp(176): error C2228: left of '.m_state' must have class/struct/union
Ui360.cpp(176): error C2228: left of '.Gamepad' must have class/struct/union
Ui360.cpp(176): error C2228: left of '.wButtons' must have class/struct/union
Ui360.cpp(177): error C2027: use of undefined type 'Ui360ControllerState'
  c:\github\game-framework-private\gameframework\platform\Ui360.h(13): note: see declaration of 'Ui360ControllerState'
Ui360.cpp(177): error C2228: left of '.m_lastState' must have class/struct/union
Ui360.cpp(177): error C2228: left of '.Gamepad' must have class/struct/union
Ui360.cpp(177): error C2228: left of '.wButtons' must have class/struct/union
Ui360.cpp(189): error C2653: 'Ui360': is not a class or namespace name
Ui360.cpp(191): error C2027: use of undefined type 'Ui360ControllerState'
  c:\github\game-framework-private\gameframework\platform\Ui360.h(13): note: see declaration of 'Ui360ControllerState'
Ui360.cpp(191): error C2228: left of '.m_state' must have class/struct/union
Ui360.cpp(191): error C2228: left of '.Gamepad' must have class/struct/union
Ui360.cpp(191): error C2228: left of '.wButtons' must have class/struct/union
