C:\Program Files (x86)\MSBuild\Microsoft.Cpp\v4.0\V140\Microsoft.CppBuild.targets(936,5): warning MSB8027: Two or more files with the name of Ui360.cpp will produce outputs to the same location. This can lead to an incorrect build result.  The files involved are ..\Base\UserInterface\Ui360.cpp, ..\Impl\UserInterface\Ui360.cpp.
  Ui360Impl.cpp
  BtTime.cpp
  BtThread.cpp
  UiKeyboardImpl.cpp
  UiInputImpl.cpp
  Ui360.cpp
  SdSoundImpl.cpp
  SdSoundCaptureImpl.cpp
  SgSkinImpl.cpp
  SgNodeImpl.cpp
  SgMeshImpl.cpp
  SgMaterialsImpl.cpp
  SgCollisionImpl.cpp
  SgBoneImpl.cpp
  SgAnimatorImpl.cpp
  RsVertexBufferImpl.cpp
  RsTextureImpl.cpp
  RsSpriteImpl.cpp
  RsShaderImpl.cpp
  RsSceneImpl.cpp
  Generating Code...
  Compiling...
  RsRenderTargetImpl.cpp
  RsMaterialImpl.cpp
  RsManagerImpl.cpp
  RsIndexBufferImpl.cpp
  RsFontImpl.cpp
  RsFlashImpl.cpp
  RsColourImpl.cpp
  RsCapsImpl.cpp
  BaArchiveImpl.cpp
  UiKeyboard.cpp
  Ui360.cpp
  SgRigidBodyImpl.cpp
  SgLightImpl.cpp
  SgBlendShapeImpl.cpp
  RsUtil.cpp
..\Base\RenderSystem\RsUtil.cpp(63): warning C4244: 'return': conversion from 'float' to 'BtU32', possible loss of data
..\Base\RenderSystem\RsUtil.cpp(71): warning C4244: 'return': conversion from 'float' to 'BtU32', possible loss of data
  RsShader.cpp
  RsResourceManager.cpp
  RsRenderTarget.cpp
  RsIndexBuffer.cpp
  RsImpl.cpp
  Generating Code...
  Compiling...
  RsFrustum.cpp
  RsColour.cpp
  RsCamera.cpp
  LRdRandom.cpp
  MtVector4.cpp
  MtVector3.cpp
  MtVector2.cpp
  MtTriangle.cpp
  MtSphere.cpp
  MtRay.cpp
  MtQuaternion.cpp
  MtQuad.cpp
  MtPoint.cpp
  MtPlane.cpp
  MtMatrix4.cpp
  MtMatrix3.cpp
  MtMath.cpp
  MtLine.cpp
  MtAABB.cpp
  FsFile.cpp
  Generating Code...
  Compiling...
  ErrorLog.cpp
  DyCollisionMesh.cpp
  DyCollisionAnalytical.cpp
  LBaUserData.cpp
  BaResource.cpp
  BaArchive.cpp
  LBtString.cpp
  LBtMemory.cpp
  LBtCompressedFile.cpp
  BtPrint.cpp
  BtCRC.cpp
  ApConfig.cpp
  Generating Code...
C:\github\game-framework-private\GameFramework_Tutorials\Murmurations\MurmurationGL\Debug\Impl\Ui360.obj : warning LNK4042: object specified more than once; extras ignored
  Impl.vcxproj -> C:\github\game-framework-private\GameFramework_Tutorials\Murmurations\MurmurationGL\Debug\Impl\Impl.lib
